Determining if the pthread_create exist failed with the following output:
Change Dir: /home/agv/yolo_v3/darknet/mkdir build-release/CMakeFiles/CMakeTmp

Run Build Command:"/usr/bin/make" "cmTC_b4d8e/fast"
/usr/bin/make -f CMakeFiles/cmTC_b4d8e.dir/build.make CMakeFiles/cmTC_b4d8e.dir/build
make[1]: Entering directory '/home/agv/yolo_v3/darknet/mkdir build-release/CMakeFiles/CMakeTmp'
Building C object CMakeFiles/cmTC_b4d8e.dir/CheckSymbolExists.c.o
/usr/bin/cc   -fPIC    -o CMakeFiles/cmTC_b4d8e.dir/CheckSymbolExists.c.o   -c "/home/agv/yolo_v3/darknet/mkdir build-release/CMakeFiles/CMakeTmp/CheckSymbolExists.c"
Linking C executable cmTC_b4d8e
/usr/bin/cmake -E cmake_link_script CMakeFiles/cmTC_b4d8e.dir/link.txt --verbose=1
/usr/bin/cc -fPIC     CMakeFiles/cmTC_b4d8e.dir/CheckSymbolExists.c.o  -o cmTC_b4d8e 
CMakeFiles/cmTC_b4d8e.dir/CheckSymbolExists.c.o: In function `main':
CheckSymbolExists.c:(.text+0x1b): undefined reference to `pthread_create'
collect2: error: ld returned 1 exit status
CMakeFiles/cmTC_b4d8e.dir/build.make:97: recipe for target 'cmTC_b4d8e' failed
make[1]: *** [cmTC_b4d8e] Error 1
make[1]: Leaving directory '/home/agv/yolo_v3/darknet/mkdir build-release/CMakeFiles/CMakeTmp'
Makefile:126: recipe for target 'cmTC_b4d8e/fast' failed
make: *** [cmTC_b4d8e/fast] Error 2

File /home/agv/yolo_v3/darknet/mkdir build-release/CMakeFiles/CMakeTmp/CheckSymbolExists.c:
/* */
#include <pthread.h>

int main(int argc, char** argv)
{
  (void)argv;
#ifndef pthread_create
  return ((int*)(&pthread_create))[argc];
#else
  (void)argc;
  return 0;
#endif
}

Determining if the function pthread_create exists in the pthreads failed with the following output:
Change Dir: /home/agv/yolo_v3/darknet/mkdir build-release/CMakeFiles/CMakeTmp

Run Build Command:"/usr/bin/make" "cmTC_2860a/fast"
/usr/bin/make -f CMakeFiles/cmTC_2860a.dir/build.make CMakeFiles/cmTC_2860a.dir/build
make[1]: Entering directory '/home/agv/yolo_v3/darknet/mkdir build-release/CMakeFiles/CMakeTmp'
Building C object CMakeFiles/cmTC_2860a.dir/CheckFunctionExists.c.o
/usr/bin/cc   -fPIC -DCHECK_FUNCTION_EXISTS=pthread_create   -o CMakeFiles/cmTC_2860a.dir/CheckFunctionExists.c.o   -c /usr/share/cmake-3.10/Modules/CheckFunctionExists.c
Linking C executable cmTC_2860a
/usr/bin/cmake -E cmake_link_script CMakeFiles/cmTC_2860a.dir/link.txt --verbose=1
/usr/bin/cc -fPIC -DCHECK_FUNCTION_EXISTS=pthread_create    CMakeFiles/cmTC_2860a.dir/CheckFunctionExists.c.o  -o cmTC_2860a -lpthreads 
/usr/bin/ld: cannot find -lpthreads
collect2: error: ld returned 1 exit status
CMakeFiles/cmTC_2860a.dir/build.make:97: recipe for target 'cmTC_2860a' failed
make[1]: *** [cmTC_2860a] Error 1
make[1]: Leaving directory '/home/agv/yolo_v3/darknet/mkdir build-release/CMakeFiles/CMakeTmp'
Makefile:126: recipe for target 'cmTC_2860a/fast' failed
make: *** [cmTC_2860a/fast] Error 2


